                                     ======================
                                        ALPSO 1.1 (Serial)
                                     ======================

Parameters:
-------------------------------------------------------------------------------------------------
Swarmsize           :       40    MaxOuterIters     :      200    Seed:       1512198510.16302609
Cognitive Parameter :    2.000    MaxInnerIters     :        6    Scaling            :          1
Social Parameter    :    1.000    MinInnerIters     :        6    Stopping Criteria  :          1
Initial Weight      :    0.990    DynInnerIters     :        0    Number of Failures :         15
Final Weight        :    0.550    StoppingIters     :        5    Number of Successes:          5

Absolute Tolerance  : 1.00e-02    Number Initial Pos:        1    Neighbourhood Model:      gbest
Relative Tolerance  : 1.00e-02    Initial Velocity  :        1    Neighbourhood Size :         40
Inequality Tolerance: 1.00e-03    Maximum Velocity  :        2    Selfless           :          1
Equality Tolerance  : 1.00e-03    Craziness Velocity: 1.00e-04    Fileout            :          1
Global Distance     : 1.00e-01    Initial Penalty   :     1.00    File Name          :  ALPSO.out
-------------------------------------------------------------------------------------------------


================================================================================

NUMBER OF ITERATIONS: 1

NUMBER OF OBJECTIVE FUNCTION EVALUATIONS: 280

OBJECTIVE FUNCTION VALUE:
	F = 6.260477690868343

EQUALITY CONSTRAINTS VALUES:

INEQUALITY CONSTRAINTS VALUES:
	G(0) = 2.568630069454984
	G(1) = -1.797693134862316e+308
	G(2) = -0.01
	G(3) = -1.797693134862316e+308

LAGRANGIAN MULTIPLIERS VALUES:
	L(0) = 0
	L(1) = 0
	L(2) = 0
	L(3) = 0

PENALTY FACTOR:
	rp(0) = 1
	rp(1) = 1
	rp(2) = 1
	rp(3) = 1

BEST POSITION:
	P(0) = 496367.2056893749		P(1) = 5729965.683364932		P(2) = 494261.8591399885	
	P(3) = 5733202.80697269		P(4) = 504000		P(5) = 5719572.962904879	
	P(6) = 498805.6309525899		P(7) = 5721416.540391859		P(8) = 492460.2407030117	
	P(9) = 5730913.466447017		P(10) = 494489.3969957925		P(11) = 5718115.220771782	
	P(12) = 497074.1417001387		P(13) = 5726909.351888772		P(14) = 484667.4633409396	
	P(15) = 5739550.881433855		P(16) = 485721.4203063668		P(17) = 5729057.330259359	
	P(18) = 490163.7372666047		P(19) = 5724836.776180667		P(20) = 484000	
	P(21) = 5734047.101743382		P(22) = 495498.3296283424		P(23) = 5732052.14442111	
	P(24) = 496601.8225637604		P(25) = 5728002.248013681		P(26) = 503148.8584403883	
	P(27) = 5727481.600187502		P(28) = 497049.1110824249		P(29) = 5736835.931422506	
	P(30) = 486493.0880925882		P(31) = 5719970.343265926		P(32) = 499134.6734223348	
	P(33) = 5726410.142372116		P(34) = 491063.5446605699		P(35) = 5734928.481458588	
	P(36) = 491478.1005051567		P(37) = 5723107.668308008		P(38) = 485481.4800663397	
	P(39) = 5728695.555264562		P(40) = 500526.8005732744		P(41) = 5729369.202798806	
	P(42) = 495651.5773466277		P(43) = 5724103.760978818		P(44) = 499261.6447226621	
	P(45) = 5717954.510537641		P(46) = 491482.7638273371		P(47) = 5727321.896770859	
	P(48) = 494630.5520508091		P(49) = 5736024.249648673		P(50) = 504000	
	P(51) = 5720772.183225364		P(52) = 501862.1616488113		P(53) = 5728692.616459789	
	P(54) = 496379.4035876743		P(55) = 5733365.187971476		P(56) = 501893.5724860217	
	P(57) = 5722233.418189134		P(58) = 500111.0333781099		P(59) = 5728700.601951415	
	P(60) = 492469.4346443671		P(61) = 5733923.648177372		P(62) = 488829.2903202475	
	P(63) = 5722006.069922162		P(64) = 494247.6566280423		P(65) = 5736068.337980865	
	P(66) = 493178.7489761821		P(67) = 5723895.617893629		P(68) = 504000	
	P(69) = 5728455.760327836		P(70) = 490894.9705958912		P(71) = 5725673.717126255	
	P(72) = 500419.2830809974		P(73) = 5731193.0872608		P(74) = 504000	
	P(75) = 5727307.799650235		P(76) = 490822.440544637		P(77) = 5722456.469921733	
	P(78) = 496954.8870840112		P(79) = 5732019.331937267		P(80) = 500136.3984064744	
	P(81) = 5730404.763129442		P(82) = 493574.8986901303		P(83) = 5727088.300691395	
	P(84) = 499427.6581940244		P(85) = 5716024.629374952		P(86) = 495845.4721581359	
	P(87) = 5718372.413331821		P(88) = 488884.6772224333		P(89) = 5731577.554182873	
	P(90) = 489371.9478710439		P(91) = 5722302.12641726		P(92) = 493963.0335287589	
	P(93) = 5734520.359560635		P(94) = 498999.0190026218		P(95) = 5733143.60276121	
	P(96) = 491256.9673192757		P(97) = 5729480.552786857		P(98) = 484000	
	P(99) = 5725803.793709214		P(100) = 494494.910692193		P(101) = 5739862.864366678	
	P(102) = 484000		P(103) = 5722473.031884169		P(104) = 491026.3380103783	
	P(105) = 5732475.389949752		P(106) = 485796.5887456004		P(107) = 5724780.820833766	
	P(108) = 486491.4963891744		P(109) = 5727797.879188839		P(110) = 498536.2718257228	
	P(111) = 5730793.523746484		P(112) = 499749.0287643872		P(113) = 5739888.133958704	
	P(114) = 495446.5419080147		P(115) = 5722293.188407898		P(116) = 484546.5305568676	
	P(117) = 5728892.991780545		P(118) = 492654.7447428544		P(119) = 5725411.313321575	
	P(120) = 490236.4013152007		P(121) = 5732253.918813168		P(122) = 493925.6108126345	
	P(123) = 5728918.78006549		P(124) = 490883.5976069815		P(125) = 5735335.03042593	
	P(126) = 503079.3353912553		P(127) = 5724195.580531737		P(128) = 494053.3673430926	
	P(129) = 5722405.04417165		P(130) = 497882.5165611659		P(131) = 5729546.645744496	
	P(132) = 499261.8660692045		P(133) = 5722093.565643643		P(134) = 497222.1697904002	
	P(135) = 5727860.781605918		P(136) = 495660.1876886897		P(137) = 5724874.053515907	
	P(138) = 492982.4328138423		P(139) = 5732401.660751942		P(140) = 491702.1861012003	
	P(141) = 5734006.470163314		P(142) = 490636.6729107703		P(143) = 5735007.093308717	
	P(144) = 492846.7338588802		P(145) = 5728679.462135205		P(146) = 492337.3594806438	
	P(147) = 5732786.997982912	
================================================================================
