1



            * * * * * * * * * * * * * * * * * * * * * * * * * * * 
            *                                                   *
            *                    C O N M I N                    *
            *                                                   *
            *                FORTRAN PROGRAM FOR                *
            *                                                   *
            *         CONSTRAINED FUNCTION MINIMIZATION         *
            *                                                   *
            * * * * * * * * * * * * * * * * * * * * * * * * * * * 




     CONSTRAINED FUNCTION MINIMIZATION

     CONTROL PARAMETERS

     IPRINT  NDV    ITMAX    NCON    NSIDE  ICNDIR   NSCAL   NFDG
       4       4   10000       4       1       5       0       1

     LINOBJ  ITRM     N1      N2      N3      N4      N5
       0       5       6      12      12      12      24

         CT              CTMIN           CTL             CTLMIN
     -0.10000E+00     0.40000E-02    -0.10000E-01     0.10000E-02

         THETA           PHI             DELFUN          DABFUN
      0.10000E+01     0.50000E+01     0.10000E-05     0.10000E-05

         FDCH            FDCHM           ALPHAX          ABOBJ1
      0.10000E-01     0.10000E-01     0.10000E+00     0.10000E+00

     LOWER BOUNDS ON DECISION VARIABLES (VLB)
       1)    0.00000E+00  0.57000E+03  0.57000E+03  0.00000E+00

     UPPER BOUNDS ON DECISION VARIABLES (VUB)
       1)    0.12500E+04  0.25000E+04  0.25000E+04  0.18000E+03

     ALL CONSTRAINTS ARE NON-LINEAR


     INITIAL FUNCTION INFORMATION

     OBJ =   0.640385E+01

     DECISION VARIABLES (X-VECTOR)
       1)    0.00000E+00  0.14000E+04  0.14000E+04  0.00000E+00

     CONSTRAINT VALUES (G-VECTOR)
       1)   -0.10000E-04 -0.17977+309 -0.10000E-01 -0.17977+309
 




     BEGIN ITERATION NUMBER    1

     CT =  -0.10000E+00     CTL =  -0.10000E-01     PHI =   0.50000E+01

     THERE ARE    1 ACTIVE CONSTRAINTS
     CONSTRAINT NUMBERS ARE
         3

     THERE ARE    0 VIOLATED CONSTRAINTS

     THERE ARE    2 ACTIVE SIDE CONSTRAINTS
     DECISION VARIABLES AT LOWER OR UPPER BOUNDS (MINUS INDICATES LOWER BOUND)
        -1   -4

     GRADIENT OF OBJ
       1)    0.00000E+00  0.00000E+00  0.00000E+00  0.00000E+00

     GRADIENTS OF ACTIVE AND VIOLATED CONSTRAINTS
     CONSTRAINT NUMBER    3
       1)    0.00000E+00  0.00000E+00  0.00000E+00  0.00000E+00
 
     SIDE CONSTRAINT ON VARIABLE    1
       1)   -0.10000E+01  0.00000E+00  0.00000E+00  0.00000E+00
 
     SIDE CONSTRAINT ON VARIABLE    4
       1)    0.00000E+00  0.00000E+00  0.00000E+00 -0.10000E+01
 
     ** CONSTRAINT    3 HAS ZERO GRADIENT
     DELETED FROM ACTIVE SET

     PUSH-OFF FACTORS, (THETA(I), I=1,NAC)
       1)    0.00000E+00  0.00000E+00

     CONSTRAINT PARAMETER, BETA =   0.00000E+00

     CALCULATED ALPHA =   0.00000E+00

     OBJ =   0.640385E+01     NO CHANGE ON OBJ

     DECISION VARIABLES (X-VECTOR)
       1)    0.00000E+00  0.14000E+04  0.14000E+04  0.00000E+00

     CONSTRAINT VALUES (G-VECTOR)
       1)   -0.10000E-04 -0.17977+309 -0.10000E-01 -0.17977+309




     BEGIN ITERATION NUMBER    2

     CT =  -0.52531E-01     CTL =  -0.63096E-02     PHI =   0.50000E+01

     THERE ARE    0 ACTIVE CONSTRAINTS

     THERE ARE    0 VIOLATED CONSTRAINTS

     THERE ARE    2 ACTIVE SIDE CONSTRAINTS
     DECISION VARIABLES AT LOWER OR UPPER BOUNDS (MINUS INDICATES LOWER BOUND)
        -1   -4

     GRADIENT OF OBJ
       1)    0.00000E+00  0.00000E+00  0.00000E+00  0.00000E+00

     GRADIENTS OF ACTIVE AND VIOLATED CONSTRAINTS
     SIDE CONSTRAINT ON VARIABLE    1
       1)   -0.10000E+01  0.00000E+00  0.00000E+00  0.00000E+00
 
     SIDE CONSTRAINT ON VARIABLE    4
       1)    0.00000E+00  0.00000E+00  0.00000E+00 -0.10000E+01
 

     PUSH-OFF FACTORS, (THETA(I), I=1,NAC)
       1)    0.00000E+00  0.00000E+00

     CONSTRAINT PARAMETER, BETA =   0.00000E+00

     CALCULATED ALPHA =   0.00000E+00

     OBJ =   0.640385E+01     NO CHANGE ON OBJ

     DECISION VARIABLES (X-VECTOR)
       1)    0.00000E+00  0.14000E+04  0.14000E+04  0.00000E+00

     CONSTRAINT VALUES (G-VECTOR)
       1)   -0.10000E-04 -0.17977+309 -0.10000E-01 -0.17977+309




     BEGIN ITERATION NUMBER    3

     CT =  -0.27595E-01     CTL =  -0.39811E-02     PHI =   0.50000E+01

     THERE ARE    1 ACTIVE CONSTRAINTS
     CONSTRAINT NUMBERS ARE
         3

     THERE ARE    0 VIOLATED CONSTRAINTS

     THERE ARE    2 ACTIVE SIDE CONSTRAINTS
     DECISION VARIABLES AT LOWER OR UPPER BOUNDS (MINUS INDICATES LOWER BOUND)
        -1   -4

     GRADIENT OF OBJ
       1)    0.00000E+00  0.00000E+00  0.00000E+00  0.00000E+00

     GRADIENTS OF ACTIVE AND VIOLATED CONSTRAINTS
     CONSTRAINT NUMBER    3
       1)    0.00000E+00  0.00000E+00  0.00000E+00  0.00000E+00
 
     SIDE CONSTRAINT ON VARIABLE    1
       1)   -0.10000E+01  0.00000E+00  0.00000E+00  0.00000E+00
 
     SIDE CONSTRAINT ON VARIABLE    4
       1)    0.00000E+00  0.00000E+00  0.00000E+00 -0.10000E+01
 
     ** CONSTRAINT    3 HAS ZERO GRADIENT
     DELETED FROM ACTIVE SET

     PUSH-OFF FACTORS, (THETA(I), I=1,NAC)
       1)    0.00000E+00  0.00000E+00

     CONSTRAINT PARAMETER, BETA =   0.00000E+00

     CALCULATED ALPHA =   0.00000E+00

     OBJ =   0.640385E+01     NO CHANGE ON OBJ

     DECISION VARIABLES (X-VECTOR)
       1)    0.00000E+00  0.14000E+04  0.14000E+04  0.00000E+00

     CONSTRAINT VALUES (G-VECTOR)
       1)   -0.10000E-04 -0.17977+309 -0.10000E-01 -0.17977+309




     BEGIN ITERATION NUMBER    4

     CT =  -0.14496E-01     CTL =  -0.25119E-02     PHI =   0.50000E+01

     THERE ARE    0 ACTIVE CONSTRAINTS

     THERE ARE    0 VIOLATED CONSTRAINTS

     THERE ARE    2 ACTIVE SIDE CONSTRAINTS
     DECISION VARIABLES AT LOWER OR UPPER BOUNDS (MINUS INDICATES LOWER BOUND)
        -1   -4

     GRADIENT OF OBJ
       1)    0.00000E+00  0.00000E+00  0.00000E+00  0.00000E+00

     GRADIENTS OF ACTIVE AND VIOLATED CONSTRAINTS
     SIDE CONSTRAINT ON VARIABLE    1
       1)   -0.10000E+01  0.00000E+00  0.00000E+00  0.00000E+00
 
     SIDE CONSTRAINT ON VARIABLE    4
       1)    0.00000E+00  0.00000E+00  0.00000E+00 -0.10000E+01
 

     PUSH-OFF FACTORS, (THETA(I), I=1,NAC)
       1)    0.00000E+00  0.00000E+00

     CONSTRAINT PARAMETER, BETA =   0.00000E+00

     CALCULATED ALPHA =   0.00000E+00

     OBJ =   0.640385E+01     NO CHANGE ON OBJ

     DECISION VARIABLES (X-VECTOR)
       1)    0.00000E+00  0.14000E+04  0.14000E+04  0.00000E+00

     CONSTRAINT VALUES (G-VECTOR)
       1)   -0.10000E-04 -0.17977+309 -0.10000E-01 -0.17977+309




     BEGIN ITERATION NUMBER    5

     CT =  -0.76146E-02     CTL =  -0.15849E-02     PHI =   0.50000E+01

     THERE ARE    1 ACTIVE CONSTRAINTS
     CONSTRAINT NUMBERS ARE
         1

     THERE ARE    0 VIOLATED CONSTRAINTS

     THERE ARE    2 ACTIVE SIDE CONSTRAINTS
     DECISION VARIABLES AT LOWER OR UPPER BOUNDS (MINUS INDICATES LOWER BOUND)
        -1   -4

     GRADIENT OF OBJ
       1)    0.00000E+00  0.00000E+00  0.00000E+00  0.00000E+00

     GRADIENTS OF ACTIVE AND VIOLATED CONSTRAINTS
     CONSTRAINT NUMBER    1
       1)    0.00000E+00  0.00000E+00  0.00000E+00  0.00000E+00
 
     SIDE CONSTRAINT ON VARIABLE    1
       1)   -0.10000E+01  0.00000E+00  0.00000E+00  0.00000E+00
 
     SIDE CONSTRAINT ON VARIABLE    4
       1)    0.00000E+00  0.00000E+00  0.00000E+00 -0.10000E+01
 
     ** CONSTRAINT    1 HAS ZERO GRADIENT
     DELETED FROM ACTIVE SET

     PUSH-OFF FACTORS, (THETA(I), I=1,NAC)
       1)    0.00000E+00  0.00000E+00

     CONSTRAINT PARAMETER, BETA =   0.00000E+00

     CALCULATED ALPHA =   0.00000E+00

     OBJ =   0.640385E+01     NO CHANGE ON OBJ

     DECISION VARIABLES (X-VECTOR)
       1)    0.00000E+00  0.14000E+04  0.14000E+04  0.00000E+00

     CONSTRAINT VALUES (G-VECTOR)
       1)   -0.10000E-04 -0.17977+309 -0.10000E-01 -0.17977+309
1



    FINAL OPTIMIZATION INFORMATION

     OBJ =   0.640385E+01

     DECISION VARIABLES (X-VECTOR)
       1)    0.00000E+00  0.14000E+04  0.14000E+04  0.00000E+00

     CONSTRAINT VALUES (G-VECTOR)
       1)   -0.10000E-04 -0.17977+309 -0.10000E-01 -0.17977+309

     THERE ARE    1 ACTIVE CONSTRAINTS
     CONSTRAINT NUMBERS ARE
         1

     THERE ARE    0 VIOLATED CONSTRAINTS

     THERE ARE    2 ACTIVE SIDE CONSTRAINTS
     DECISION VARIABLES AT LOWER OR UPPER BOUNDS (MINUS INDICATES LOWER BOUND)
        -1   -4

     TERMINATION CRITERION
          ABS(1-OBJ(I-1)/OBJ(I)) LESS THAN DELFUN FOR  5 ITERATIONS
          ABS(OBJ(I)-OBJ(I-1))   LESS THAN DABFUN FOR  5 ITERATIONS

     NUMBER OF ITERATIONS =    5

     OBJECTIVE FUNCTION WAS EVALUATED            1  TIMES

     CONSTRAINT FUNCTIONS WERE EVALUATED         1  TIMES

     GRADIENT OF OBJECTIVE WAS CALCULATED        3  TIMES

     GRADIENTS OF CONSTRAINTS WERE CALCULATED    3  TIMES


        NUMBER OF FUNC-CALLS:  NFUN =    1
        NUMBER OF GRAD-CALLS:  NGRD =    3
