# This file contains information about inputs as read by the program

 Population size = 100
 Number of generations = 1000
 Number of objective functions = 1
 Number of constraints = 4
 Number of variables = 4
 Number of real variables = 4
 Lower limit of real variable 1 = 2.850000e+02
 Upper limit of real variable 1 = 5.700000e+02
 Lower limit of real variable 2 = 5.700000e+02
 Upper limit of real variable 2 = 2.500000e+03
 Lower limit of real variable 3 = 5.700000e+02
 Upper limit of real variable 3 = 2.500000e+03
 Lower limit of real variable 4 = 0.000000e+00
 Upper limit of real variable 4 = 1.800000e+02
 Probability of crossover of real variable = 6.000000e-01
 Probability of mutation of real variable = 2.000000e-01
 Distribution index for crossover = 1.000000e+01
 Distribution index for mutation = 2.000000e+01
 Number of binary variables = 0
 Seed for random number generator = 1.512272e+09